mode: atomic
github.com/go-stuff/mongostore/mongostore.go:39.86,42.49 1 2
github.com/go-stuff/mongostore/mongostore.go:47.2,47.48 1 2
github.com/go-stuff/mongostore/mongostore.go:51.2,64.16 6 2
github.com/go-stuff/mongostore/mongostore.go:68.2,68.11 1 2
github.com/go-stuff/mongostore/mongostore.go:42.49,44.3 1 1
github.com/go-stuff/mongostore/mongostore.go:47.48,49.3 1 1
github.com/go-stuff/mongostore/mongostore.go:64.16,66.3 1 0
github.com/go-stuff/mongostore/mongostore.go:78.84,80.2 1 4
github.com/go-stuff/mongostore/mongostore.go:87.84,96.22 7 6
github.com/go-stuff/mongostore/mongostore.go:109.2,109.21 1 6
github.com/go-stuff/mongostore/mongostore.go:96.22,100.17 2 2
github.com/go-stuff/mongostore/mongostore.go:100.17,103.18 2 2
github.com/go-stuff/mongostore/mongostore.go:103.18,105.5 1 2
github.com/go-stuff/mongostore/mongostore.go:113.101,115.22 2 3
github.com/go-stuff/mongostore/mongostore.go:137.2,138.16 2 3
github.com/go-stuff/mongostore/mongostore.go:141.2,143.12 2 3
github.com/go-stuff/mongostore/mongostore.go:115.22,118.17 2 1
github.com/go-stuff/mongostore/mongostore.go:118.17,120.4 1 0
github.com/go-stuff/mongostore/mongostore.go:121.8,122.35 1 2
github.com/go-stuff/mongostore/mongostore.go:122.35,125.18 2 1
github.com/go-stuff/mongostore/mongostore.go:125.18,127.5 1 0
github.com/go-stuff/mongostore/mongostore.go:128.9,131.18 2 1
github.com/go-stuff/mongostore/mongostore.go:131.18,133.5 1 0
github.com/go-stuff/mongostore/mongostore.go:138.16,140.3 1 0
github.com/go-stuff/mongostore/mongostore.go:149.39,153.34 2 3
github.com/go-stuff/mongostore/mongostore.go:153.34,154.55 1 3
github.com/go-stuff/mongostore/mongostore.go:154.55,156.4 1 3
github.com/go-stuff/mongostore/mongostore.go:160.53,163.16 2 2
github.com/go-stuff/mongostore/mongostore.go:166.2,167.26 2 2
github.com/go-stuff/mongostore/mongostore.go:195.2,195.20 1 2
github.com/go-stuff/mongostore/mongostore.go:213.2,213.12 1 2
github.com/go-stuff/mongostore/mongostore.go:163.16,165.3 1 0
github.com/go-stuff/mongostore/mongostore.go:167.26,170.17 3 3
github.com/go-stuff/mongostore/mongostore.go:173.3,173.45 1 3
github.com/go-stuff/mongostore/mongostore.go:170.17,172.4 1 0
github.com/go-stuff/mongostore/mongostore.go:173.45,175.4 1 1
github.com/go-stuff/mongostore/mongostore.go:195.20,208.17 2 1
github.com/go-stuff/mongostore/mongostore.go:208.17,210.4 1 0
github.com/go-stuff/mongostore/mongostore.go:216.68,219.16 2 2
github.com/go-stuff/mongostore/mongostore.go:224.2,226.16 3 2
github.com/go-stuff/mongostore/mongostore.go:231.2,231.53 1 2
github.com/go-stuff/mongostore/mongostore.go:235.2,235.12 1 2
github.com/go-stuff/mongostore/mongostore.go:219.16,221.3 1 0
github.com/go-stuff/mongostore/mongostore.go:226.16,228.3 1 0
github.com/go-stuff/mongostore/mongostore.go:231.53,233.3 1 10
github.com/go-stuff/mongostore/mongostore.go:238.70,241.35 2 1
github.com/go-stuff/mongostore/mongostore.go:244.2,250.16 5 1
github.com/go-stuff/mongostore/mongostore.go:255.2,257.12 2 1
github.com/go-stuff/mongostore/mongostore.go:241.35,243.3 1 1
github.com/go-stuff/mongostore/mongostore.go:250.16,252.3 1 0
github.com/go-stuff/mongostore/mongostore.go:260.70,263.16 2 1
github.com/go-stuff/mongostore/mongostore.go:268.2,269.35 2 1
github.com/go-stuff/mongostore/mongostore.go:281.2,282.16 2 1
github.com/go-stuff/mongostore/mongostore.go:286.2,286.12 1 1
github.com/go-stuff/mongostore/mongostore.go:263.16,265.3 1 0
github.com/go-stuff/mongostore/mongostore.go:269.35,270.21 1 5
github.com/go-stuff/mongostore/mongostore.go:271.21,272.155 1 1
github.com/go-stuff/mongostore/mongostore.go:273.20,274.205 1 1
github.com/go-stuff/mongostore/mongostore.go:275.11,276.62 1 3
github.com/go-stuff/mongostore/mongostore.go:282.16,284.3 1 0
github.com/go-stuff/mongostore/mongostore.go:289.72,292.16 2 1
github.com/go-stuff/mongostore/mongostore.go:297.2,300.16 2 1
github.com/go-stuff/mongostore/mongostore.go:304.2,304.12 1 1
github.com/go-stuff/mongostore/mongostore.go:292.16,294.3 1 0
github.com/go-stuff/mongostore/mongostore.go:300.16,302.3 1 0
