mode: atomic
github.com/go-stuff/mongostore/mongostore.go:39.86,41.49 1 2
github.com/go-stuff/mongostore/mongostore.go:44.2,44.48 1 2
github.com/go-stuff/mongostore/mongostore.go:48.2,61.16 6 2
github.com/go-stuff/mongostore/mongostore.go:65.2,65.11 1 2
github.com/go-stuff/mongostore/mongostore.go:41.49,43.3 1 1
github.com/go-stuff/mongostore/mongostore.go:44.48,46.3 1 1
github.com/go-stuff/mongostore/mongostore.go:61.16,63.3 1 0
github.com/go-stuff/mongostore/mongostore.go:75.84,77.2 1 4
github.com/go-stuff/mongostore/mongostore.go:84.84,93.22 7 6
github.com/go-stuff/mongostore/mongostore.go:106.2,106.21 1 6
github.com/go-stuff/mongostore/mongostore.go:93.22,97.17 2 2
github.com/go-stuff/mongostore/mongostore.go:97.17,100.18 2 2
github.com/go-stuff/mongostore/mongostore.go:100.18,102.5 1 2
github.com/go-stuff/mongostore/mongostore.go:110.101,112.22 2 3
github.com/go-stuff/mongostore/mongostore.go:134.2,135.16 2 3
github.com/go-stuff/mongostore/mongostore.go:138.2,140.12 2 3
github.com/go-stuff/mongostore/mongostore.go:112.22,115.17 2 1
github.com/go-stuff/mongostore/mongostore.go:115.17,117.4 1 0
github.com/go-stuff/mongostore/mongostore.go:118.8,119.35 1 2
github.com/go-stuff/mongostore/mongostore.go:119.35,122.18 2 1
github.com/go-stuff/mongostore/mongostore.go:122.18,124.5 1 0
github.com/go-stuff/mongostore/mongostore.go:125.9,128.18 2 1
github.com/go-stuff/mongostore/mongostore.go:128.18,130.5 1 0
github.com/go-stuff/mongostore/mongostore.go:135.16,137.3 1 0
github.com/go-stuff/mongostore/mongostore.go:146.39,150.34 2 3
github.com/go-stuff/mongostore/mongostore.go:150.34,151.55 1 3
github.com/go-stuff/mongostore/mongostore.go:151.55,153.4 1 3
github.com/go-stuff/mongostore/mongostore.go:157.53,160.16 2 2
github.com/go-stuff/mongostore/mongostore.go:163.2,164.26 2 2
github.com/go-stuff/mongostore/mongostore.go:192.2,192.20 1 2
github.com/go-stuff/mongostore/mongostore.go:210.2,210.12 1 2
github.com/go-stuff/mongostore/mongostore.go:160.16,162.3 1 0
github.com/go-stuff/mongostore/mongostore.go:164.26,167.17 3 4
github.com/go-stuff/mongostore/mongostore.go:170.3,170.45 1 4
github.com/go-stuff/mongostore/mongostore.go:167.17,169.4 1 0
github.com/go-stuff/mongostore/mongostore.go:170.45,172.4 1 2
github.com/go-stuff/mongostore/mongostore.go:192.20,205.17 2 0
github.com/go-stuff/mongostore/mongostore.go:205.17,207.4 1 0
github.com/go-stuff/mongostore/mongostore.go:213.68,216.16 2 2
github.com/go-stuff/mongostore/mongostore.go:221.2,223.16 3 2
github.com/go-stuff/mongostore/mongostore.go:228.2,228.53 1 2
github.com/go-stuff/mongostore/mongostore.go:232.2,232.12 1 2
github.com/go-stuff/mongostore/mongostore.go:216.16,218.3 1 0
github.com/go-stuff/mongostore/mongostore.go:223.16,225.3 1 0
github.com/go-stuff/mongostore/mongostore.go:228.53,230.3 1 8
github.com/go-stuff/mongostore/mongostore.go:235.70,238.35 2 1
github.com/go-stuff/mongostore/mongostore.go:241.2,247.16 5 1
github.com/go-stuff/mongostore/mongostore.go:252.2,254.12 2 1
github.com/go-stuff/mongostore/mongostore.go:238.35,240.3 1 0
github.com/go-stuff/mongostore/mongostore.go:247.16,249.3 1 0
github.com/go-stuff/mongostore/mongostore.go:257.70,260.16 2 1
github.com/go-stuff/mongostore/mongostore.go:265.2,266.35 2 1
github.com/go-stuff/mongostore/mongostore.go:278.2,279.16 2 1
github.com/go-stuff/mongostore/mongostore.go:283.2,283.12 1 1
github.com/go-stuff/mongostore/mongostore.go:260.16,262.3 1 0
github.com/go-stuff/mongostore/mongostore.go:266.35,267.21 1 4
github.com/go-stuff/mongostore/mongostore.go:268.21,269.155 1 1
github.com/go-stuff/mongostore/mongostore.go:270.20,271.205 1 1
github.com/go-stuff/mongostore/mongostore.go:272.11,273.62 1 2
github.com/go-stuff/mongostore/mongostore.go:279.16,281.3 1 0
github.com/go-stuff/mongostore/mongostore.go:286.72,289.16 2 1
github.com/go-stuff/mongostore/mongostore.go:294.2,297.16 2 1
github.com/go-stuff/mongostore/mongostore.go:301.2,301.12 1 1
github.com/go-stuff/mongostore/mongostore.go:289.16,291.3 1 0
github.com/go-stuff/mongostore/mongostore.go:297.16,299.3 1 0
